{"/home/mario/Desktop/week5/research/week-5/CodeCovarage/test.js":{"path":"/home/mario/Desktop/week5/research/week-5/CodeCovarage/test.js","s":{"1":1,"2":1,"3":1,"4":1,"5":1,"6":1,"7":1,"8":1,"9":1,"10":1,"11":1,"12":1,"13":1},"b":{},"f":{},"fnMap":{},"statementMap":{"1":{"start":{"line":1,"column":0},"end":{"line":1,"column":58}},"2":{"start":{"line":3,"column":0},"end":{"line":3,"column":29}},"3":{"start":{"line":5,"column":0},"end":{"line":13,"column":2}},"4":{"start":{"line":7,"column":2},"end":{"line":7,"column":75}},"5":{"start":{"line":8,"column":2},"end":{"line":8,"column":114}},"6":{"start":{"line":11,"column":2},"end":{"line":11,"column":10}},"7":{"start":{"line":16,"column":0},"end":{"line":24,"column":2}},"8":{"start":{"line":18,"column":2},"end":{"line":18,"column":83}},"9":{"start":{"line":19,"column":2},"end":{"line":19,"column":79}},"10":{"start":{"line":20,"column":2},"end":{"line":20,"column":79}},"11":{"start":{"line":21,"column":2},"end":{"line":21,"column":102}},"12":{"start":{"line":22,"column":2},"end":{"line":22,"column":10}},"13":{"start":{"line":23,"column":2},"end":{"line":23,"column":89}}},"branchMap":{}},"/home/mario/Desktop/week5/research/week-5/CodeCovarage/server.js":{"path":"/home/mario/Desktop/week5/research/week-5/CodeCovarage/server.js","s":{"1":1,"2":1,"3":1,"4":5,"5":1,"6":4,"7":1,"8":3,"9":2,"10":1,"11":1,"12":2,"13":1,"14":1,"15":1,"16":0,"17":0,"18":0,"19":1},"b":{"1":[1,4],"2":[1,3],"3":[2,1],"4":[3,2],"5":[1,1],"6":[1,0],"7":[0,0]},"f":{},"fnMap":{},"statementMap":{"1":{"start":{"line":1,"column":0},"end":{"line":1,"column":27}},"2":{"start":{"line":3,"column":0},"end":{"line":3,"column":33}},"3":{"start":{"line":6,"column":0},"end":{"line":17,"column":1}},"4":{"start":{"line":7,"column":2},"end":{"line":16,"column":3}},"5":{"start":{"line":8,"column":4},"end":{"line":8,"column":38}},"6":{"start":{"line":9,"column":9},"end":{"line":16,"column":3}},"7":{"start":{"line":10,"column":4},"end":{"line":10,"column":48}},"8":{"start":{"line":11,"column":9},"end":{"line":16,"column":3}},"9":{"start":{"line":12,"column":4},"end":{"line":12,"column":44}},"10":{"start":{"line":15,"column":4},"end":{"line":15,"column":44}},"11":{"start":{"line":20,"column":0},"end":{"line":30,"column":1}},"12":{"start":{"line":21,"column":2},"end":{"line":29,"column":3}},"13":{"start":{"line":22,"column":4},"end":{"line":22,"column":38}},"14":{"start":{"line":23,"column":9},"end":{"line":29,"column":3}},"15":{"start":{"line":24,"column":4},"end":{"line":24,"column":49}},"16":{"start":{"line":25,"column":9},"end":{"line":29,"column":3}},"17":{"start":{"line":26,"column":4},"end":{"line":26,"column":60}},"18":{"start":{"line":28,"column":4},"end":{"line":28,"column":42}},"19":{"start":{"line":33,"column":0},"end":{"line":36,"column":1}}},"branchMap":{"1":{"line":7,"type":"if","locations":[{"start":{"line":7,"column":2},"end":{"line":7,"column":2}},{"start":{"line":7,"column":2},"end":{"line":7,"column":2}}]},"2":{"line":9,"type":"if","locations":[{"start":{"line":9,"column":9},"end":{"line":9,"column":9}},{"start":{"line":9,"column":9},"end":{"line":9,"column":9}}]},"3":{"line":11,"type":"if","locations":[{"start":{"line":11,"column":9},"end":{"line":11,"column":9}},{"start":{"line":11,"column":9},"end":{"line":11,"column":9}}]},"4":{"line":11,"type":"binary-expr","locations":[{"start":{"line":11,"column":13},"end":{"line":11,"column":19}},{"start":{"line":11,"column":21},"end":{"line":11,"column":27}}]},"5":{"line":21,"type":"if","locations":[{"start":{"line":21,"column":2},"end":{"line":21,"column":2}},{"start":{"line":21,"column":2},"end":{"line":21,"column":2}}]},"6":{"line":23,"type":"if","locations":[{"start":{"line":23,"column":9},"end":{"line":23,"column":9}},{"start":{"line":23,"column":9},"end":{"line":23,"column":9}}]},"7":{"line":25,"type":"if","locations":[{"start":{"line":25,"column":9},"end":{"line":25,"column":9}},{"start":{"line":25,"column":9},"end":{"line":25,"column":9}}]}}}}