TN:
SF:/home/mario/Desktop/week5/research/test.js
FNF:0
FNH:0
DA:1,1
DA:3,1
DA:5,1
DA:7,1
DA:8,1
DA:9,1
DA:11,1
DA:12,1
DA:16,1
DA:18,1
DA:19,1
DA:20,1
DA:21,1
DA:22,1
DA:23,1
LF:15
LH:15
BRF:0
BRH:0
end_of_record
TN:
SF:/home/mario/Desktop/week5/research/server.js
FNF:0
FNH:0
DA:1,1
DA:3,1
DA:6,1
DA:7,5
DA:8,1
DA:9,4
DA:10,1
DA:11,3
DA:12,2
DA:15,1
DA:20,1
DA:21,4
DA:22,1
DA:23,3
DA:24,1
DA:25,2
DA:26,1
DA:28,1
DA:33,1
LF:19
LH:19
BRDA:7,1,0,1
BRDA:7,1,1,4
BRDA:9,2,0,1
BRDA:9,2,1,3
BRDA:11,3,0,2
BRDA:11,3,1,1
BRDA:11,4,0,3
BRDA:11,4,1,2
BRDA:21,5,0,1
BRDA:21,5,1,3
BRDA:23,6,0,1
BRDA:23,6,1,2
BRDA:25,7,0,1
BRDA:25,7,1,1
BRF:14
BRH:14
end_of_record
