TN:
SF:/home/mario/Desktop/week5/research/week-5/CodeCovarage/test.js
FNF:0
FNH:0
DA:1,1
DA:3,1
DA:5,1
DA:7,1
DA:8,1
DA:11,1
DA:16,1
DA:18,1
DA:19,1
DA:20,1
DA:21,1
DA:22,1
DA:23,1
LF:13
LH:13
BRF:0
BRH:0
end_of_record
TN:
SF:/home/mario/Desktop/week5/research/week-5/CodeCovarage/server.js
FNF:0
FNH:0
DA:1,1
DA:3,1
DA:6,1
DA:7,5
DA:8,1
DA:9,4
DA:10,1
DA:11,3
DA:12,2
DA:15,1
DA:20,1
DA:21,2
DA:22,1
DA:23,1
DA:24,1
DA:25,0
DA:26,0
DA:28,0
DA:33,1
LF:19
LH:16
BRDA:7,1,0,1
BRDA:7,1,1,4
BRDA:9,2,0,1
BRDA:9,2,1,3
BRDA:11,3,0,2
BRDA:11,3,1,1
BRDA:11,4,0,3
BRDA:11,4,1,2
BRDA:21,5,0,1
BRDA:21,5,1,1
BRDA:23,6,0,1
BRDA:23,6,1,0
BRDA:25,7,0,0
BRDA:25,7,1,0
BRF:14
BRH:11
end_of_record
